Log file open, 04/18/26 17:05:14
LogTrace: Initializing trace...
LogTrace: Finished trace initialization.
LogInit: Session CrashGUID >====================================================
         Session CrashGUID >   UECC-Windows-0CFE7E0544D80B5CCBF070A592183711
         Session CrashGUID >====================================================
LogConfig: No local boot hotfix file found at: [../../../../../../../Github/BluePoch_Test/BluePoch/Saved/PersistentDownloadDir/HotfixForNextBoot.txt]
LogPluginManager: Mounting Engine plugin PlatformCrypto
LogInit: ExecutableName: UnrealPak.exe
LogInit: Build: ++UE5+Release-5.5-CL-40574608
LogInit: Platform=WindowsEditor
LogInit: MachineId=d5fd60114baf5a7ae276cca50da97545
LogInit: DeviceId=
LogInit: Engine Version: 5.5.4-40574608+++UE5+Release-5.5
LogInit: Compatible Engine Version: 5.5.0-37670630+++UE5+Release-5.5
LogInit: Net CL: 37670630
LogInit: OS: Windows 11 (25H2) [10.0.26200.8246] (), CPU: AMD Ryzen 7 5800H with Radeon Graphics         , GPU: NVIDIA GeForce RTX 3070 Laptop GPU
LogInit: Compiled (64-bit): Mar  7 2025 14:59:45
LogInit: Architecture: x64
LogInit: Compiled with Visual C++: 19.38.33130.00
LogInit: Build Configuration: Development
LogInit: Branch Name: ++UE5+Release-5.5
LogInit: Command Line: -CreateGlobalContainer=E:\Github\BluePoch_Test\BluePoch\Saved\StagedBuilds\Windows\BluePoch\Content\Paks\global.utoc -PackageStoreManifest=E:\Github\BluePoch_Test\BluePoch\Saved\Cooked\Windows\BluePoch\Metadata\packagestore.manifest -CookedDirectory=E:\Github\BluePoch_Test\BluePoch\Saved\Cooked\Windows -Commands="C:\Users\13903\AppData\Roaming\Unreal Engine\AutomationTool\Logs\E+Program+Files+Study+UE+UE_5.5\IoStoreCommands.txt" -ScriptObjects=E:\Github\BluePoch_Test\BluePoch\Saved\Cooked\Windows\BluePoch\Metadata\scriptobjects.bin -patchpaddingalign=2048 -compressionformats=Oodle -compresslevel=4 -compressmethod=Kraken -cryptokeys=E:\Github\BluePoch_Test\BluePoch\Saved\Cooked\Windows\BluePoch\Metadata\Crypto.json -compressionMinBytesSaved=1024 -compressionMinPercentSaved=5 -WriteBackMetadataToAssetRegistry=Disabled -nopak
LogInit: Base Directory: E:/Program Files/Study/UE/UE_5.5/Engine/Binaries/Win64/
LogInit: Allocator: Mimalloc
LogInit: Installed Engine Build: 1
LogInit: This binary is optimized with LTO: no, PGO: no, instrumented for PGO data collection: no
LogDevObjectVersion: Number of dev versions registered: 35
LogDevObjectVersion:   Dev-Blueprints (B0D832E4-1F89-4F0D-ACCF-7EB736FD4AA2): 10
LogDevObjectVersion:   Dev-Build (E1C64328-A22C-4D53-A36C-8E866417BD8C): 0
LogDevObjectVersion:   Dev-Core (375EC13C-06E4-48FB-B500-84F0262A717E): 4
LogDevObjectVersion:   Dev-Editor (E4B068ED-F494-42E9-A231-DA0B2E46BB41): 40
LogDevObjectVersion:   Dev-Framework (CFFC743F-43B0-4480-9391-14DF171D2073): 37
LogDevObjectVersion:   Dev-Mobile (B02B49B5-BB20-44E9-A304-32B752E40360): 3
LogDevObjectVersion:   Dev-Networking (A4E4105C-59A1-49B5-A7C5-40C4547EDFEE): 0
LogDevObjectVersion:   Dev-Online (39C831C9-5AE6-47DC-9A44-9C173E1C8E7C): 0
LogDevObjectVersion:   Dev-Physics (78F01B33-EBEA-4F98-B9B4-84EACCB95AA2): 20
LogDevObjectVersion:   Dev-Platform (6631380F-2D4D-43E0-8009-CF276956A95A): 0
LogDevObjectVersion:   Dev-Rendering (12F88B9F-8875-4AFC-A67C-D90C383ABD29): 49
LogDevObjectVersion:   Dev-Sequencer (7B5AE74C-D270-4C10-A958-57980B212A5A): 13
LogDevObjectVersion:   Dev-VR (D7296918-1DD6-4BDD-9DE2-64A83CC13884): 3
LogDevObjectVersion:   Dev-LoadTimes (C2A15278-BFE7-4AFE-6C17-90FF531DF755): 1
LogDevObjectVersion:   Private-Geometry (6EACA3D4-40EC-4CC1-B786-8BED09428FC5): 3
LogDevObjectVersion:   Dev-AnimPhys (29E575DD-E0A3-4627-9D10-D276232CDCEA): 17
LogDevObjectVersion:   Dev-Anim (AF43A65D-7FD3-4947-9873-3E8ED9C1BB05): 15
LogDevObjectVersion:   Dev-ReflectionCapture (6B266CEC-1EC7-4B8F-A30B-E4D90942FC07): 1
LogDevObjectVersion:   Dev-Automation (0DF73D61-A23F-47EA-B727-89E90C41499A): 1
LogDevObjectVersion:   FortniteMain (601D1886-AC64-4F84-AA16-D3DE0DEAC7D6): 170
LogDevObjectVersion:   FortniteValkyrie (8DBC2C5B-54A7-43E0-A768-FCBB7DA29060): 8
LogDevObjectVersion:   FortniteSeason (5B4C06B7-2463-4AF8-805B-BF70CDF5D0DD): 13
LogDevObjectVersion:   FortniteRelease (E7086368-6B23-4C58-8439-1B7016265E91): 15
LogDevObjectVersion:   Dev-Enterprise (9DFFBCD6-494F-0158-E221-12823C92A888): 10
LogDevObjectVersion:   Dev-Niagara (F2AED0AC-9AFE-416F-8664-AA7FFA26D6FC): 1
LogDevObjectVersion:   Dev-Destruction (174F1F0B-B4C6-45A5-B13F-2EE8D0FB917D): 10
LogDevObjectVersion:   Dev-Physics-Ext (35F94A83-E258-406C-A318-09F59610247C): 41
LogDevObjectVersion:   Dev-PhysicsMaterial-Chaos (B68FC16E-8B1B-42E2-B453-215C058844FE): 1
LogDevObjectVersion:   Dev-CineCamera (B2E18506-4273-CFC2-A54E-F4BB758BBA07): 1
LogDevObjectVersion:   Dev-VirtualProduction (64F58936-FD1B-42BA-BA96-7289D5D0FA4E): 1
LogDevObjectVersion:   UE5-Main (697DD581-E64F-41AB-AA4A-51ECBEB7B628): 119
LogDevObjectVersion:   UE5-Release (D89B5E42-24BD-4D46-8412-ACA8DF641779): 51
LogDevObjectVersion:   UE5-PrivateFrosty (59DA5D52-1232-4948-B878-597870B8E98B): 8
LogDevObjectVersion:   Dev-MediaFramework (6F0ED827-A609-4895-9C91-998D90180EA4): 2
LogDevObjectVersion:   Dev-NaniteResearch (30D58BE3-95EA-4282-A6E3-B159D8EBB06A): 1
LogConfig: Branch 'PlatformCrypto' had been unloaded. Reloading on-demand took 0.16ms
LogInit: Presizing for max 100000 objects, including 0 objects not considered by GC.
LogInit: Object subsystem initialized
LogConfig: Applying CVar settings from Section [Startup] File [../../../Engine/Config/ConsoleVariables.ini]
LogConfig: CVar [[r.DumpShaderDebugInfo:2]] deferred - dummy variable created
LogConfig: CVar [[p.chaos.AllowCreatePhysxBodies:1]] deferred - dummy variable created
LogConfig: CVar [[fx.SkipVectorVMBackendOptimizations:1]] deferred - dummy variable created
LogConfig: CVar [[ds.CADTranslator.Meshing.ActivateThinZoneMeshing:0]] deferred - dummy variable created
LogConfig: CVar [[ds.CADTranslator.Stitching.RemoveThinFaces:0]] deferred - dummy variable created
LogConfig: Applying CVar settings from Section [Startup_Windows] File [../../../Engine/Config/ConsoleVariables.ini]
LogConfig: Applying CVar settings from Section [ConsoleVariables] File [Engine]
LogConfig: Set CVar [[memory.MemoryPressureCriticalThresholdMB:512]]
[2026.04.18-16.05.14:615][  0]LogInit: Computer: HANARIOI
[2026.04.18-16.05.14:615][  0]LogInit: User: 13903
[2026.04.18-16.05.14:615][  0]LogInit: CPU Page size=4096, Cores=8
[2026.04.18-16.05.14:615][  0]LogInit: High frequency timer resolution =10.000000 MHz
[2026.04.18-16.05.15:148][  0]LogMemory: Process is running as part of a Windows Job with separate resource limits
[2026.04.18-16.05.15:148][  0]LogMemory: Memory total: Physical=63.9GB (64GB approx) Virtual=67.9GB
[2026.04.18-16.05.15:148][  0]LogMemory: Platform Memory Stats for WindowsEditor
[2026.04.18-16.05.15:148][  0]LogMemory: Process Physical Memory: 61.44 MB used, 62.23 MB peak
[2026.04.18-16.05.15:148][  0]LogMemory: Process Virtual Memory: 123.74 MB used, 123.74 MB peak
[2026.04.18-16.05.15:148][  0]LogMemory: Physical Memory: 26521.05 MB used,  38867.00 MB free, 65388.06 MB total
[2026.04.18-16.05.15:148][  0]LogMemory: Virtual Memory: 47662.16 MB used,  21821.89 MB free, 69484.06 MB total
[2026.04.18-16.05.15:154][  0]LogAssetRegistry: FAssetRegistry took 0.0001 seconds to start up
[2026.04.18-16.05.15:155][  0]LogUObjectArray: 438 objects as part of root set at end of initial load.
[2026.04.18-16.05.15:155][  0]LogUObjectArray: CloseDisregardForGC: 0/0 objects in disregard for GC pool
[2026.04.18-16.05.15:155][  0]LogInit: Using OS detected language ().
[2026.04.18-16.05.15:155][  0]LogInit: Using OS detected locale ().
[2026.04.18-16.05.15:155][  0]LogTextLocalizationManager: No localization for '' exists, so 'en' will be used for the language.
[2026.04.18-16.05.15:155][  0]LogTextLocalizationManager: No localization for '' exists, so 'en' will be used for the locale.
[2026.04.18-16.05.15:155][  0]LogInit: Using OS detected language ().
[2026.04.18-16.05.15:155][  0]LogInit: Using OS detected locale ().
[2026.04.18-16.05.15:155][  0]LogTextLocalizationManager: No localization for '' exists, so 'en' will be used for the language.
[2026.04.18-16.05.15:155][  0]LogTextLocalizationManager: No localization for '' exists, so 'en' will be used for the locale.
[2026.04.18-16.05.15:155][  0]LogPakFile: Display: ProjectDir: ../../../../../../../Github/BluePoch_Test/BluePoch/
[2026.04.18-16.05.15:155][  0]LogIoStore: Display: ==================== IoStore Utils ====================
[2026.04.18-16.05.15:155][  0]LogIoStore: Display: Parsing crypto keys from a crypto key cache file 'E:\Github\BluePoch_Test\BluePoch\Saved\Cooked\Windows\BluePoch\Metadata\Crypto.json'
[2026.04.18-16.05.15:155][  0]LogIoStore: Display: Container signing - DISABLED
[2026.04.18-16.05.15:155][  0]LogIoStore: Display: Directory index - ENABLED
[2026.04.18-16.05.15:155][  0]LogIoStore: Display: Using compression format 'Oodle'
[2026.04.18-16.05.15:155][  0]LogIoStore: Display: Using memory mapping alignment '16384'
[2026.04.18-16.05.15:155][  0]LogIoStore: Display: Using compression block size '65536'
[2026.04.18-16.05.15:155][  0]LogIoStore: Display: Using compression block alignment '2048'
[2026.04.18-16.05.15:155][  0]LogIoStore: Display: Using compression min bytes saved '1024'
[2026.04.18-16.05.15:155][  0]LogIoStore: Display: Using compression min percent saved '5'
[2026.04.18-16.05.15:155][  0]LogIoStore: Display: Using max partition size '0'
[2026.04.18-16.05.15:155][  0]LogIoStore: Display: Not using DDC for compression
[2026.04.18-16.05.15:155][  0]LogIoStore: Display: Using command list file: 'C:\Users\13903\AppData\Roaming\Unreal Engine\AutomationTool\Logs\E+Program+Files+Study+UE+UE_5.5\IoStoreCommands.txt'
[2026.04.18-16.05.15:176][  0]LogIoStore: Display: Selected Oodle level 4 (Normal) from command line for shaders
[2026.04.18-16.05.15:176][  0]LogIoStore: Display: Fetched 623 oplog items from Manifest in 0.00 seconds
[2026.04.18-16.05.15:178][  0]LogIoStore: Display: Parsed 623 oplog items 0.00 seconds, 802 chunks
[2026.04.18-16.05.15:182][  0]LogIoStore: Display: Using input asset registry: E:/Github/BluePoch_Test/BluePoch/Saved/Cooked/Windows/BluePoch/Metadata/DevelopmentAssetRegistry.bin
[2026.04.18-16.05.15:187][  0]LogIoStore: Display: Loaded 187 chunk hashes from AssetRegistry in 0.01 seconds, 187 hashes updated in 0.00 seconds
[2026.04.18-16.05.15:188][  0]LogIoStore: Display: Searching for cooked assets in folder 'E:\Github\BluePoch_Test\BluePoch\Saved\Cooked\Windows'
[2026.04.18-16.05.15:200][  0]LogIoStore: Display: Found '1425' files
[2026.04.18-16.05.15:211][  0]LogIoStore: Display: Creating container targets...
[2026.04.18-16.05.15:213][  0]OodleDataCompression: Display: Oodle v2.9.12 format for pak/iostore with method=Kraken, level=4=Normal
[2026.04.18-16.05.15:258][  0]LogIoStore: Display: Parsing packages...
[2026.04.18-16.05.15:258][  0]LogIoStore: Display: Reading package assets...
[2026.04.18-16.05.15:262][  0]LogIoStore: Display: Packages read 615 files in 0.00 seconds, 1,746,716 total bytes, 415,370,495 bytes per second
[2026.04.18-16.05.15:277][  0]LogIoStore: Display: Processing shader libraries, compressing with Oodle Mermaid, level 4 (Normal)
[2026.04.18-16.05.15:279][  0]LogShaderLibrary: Display: Created IoStoreShaderArchive header: shaders grouped in 168 groups (60 of them didn't need new indices), average uncompressed size 71271 bytes, min 325 bytes, max 965040 bytes (r.ShaderCodeLibrary.MaxShaderGroupSize=1048576)
[2026.04.18-16.05.15:304][  0]LogIoStore: Display: BluePoch-PCD3D_SM5(PCD3D_SM5): Recompressed 1024 shaders as 168 groups. Library size changed from 3184 KB (3.67 : 1 ratio) to 1460 KB (8.00 : 1 ratio), 45.88% of previous.
[2026.04.18-16.05.15:312][  0]LogShaderLibrary: Display: Created IoStoreShaderArchive header: shaders grouped in 194 groups (49 of them didn't need new indices), average uncompressed size 140848 bytes, min 2342 bytes, max 961585 bytes (r.ShaderCodeLibrary.MaxShaderGroupSize=1048576)
[2026.04.18-16.05.15:451][  0]LogIoStore: Display: BluePoch-PCD3D_SM6(PCD3D_SM6): Recompressed 2089 shaders as 194 groups. Library size changed from 20309 KB (1.31 : 1 ratio) to 13491 KB (1.98 : 1 ratio), 66.43% of previous.
[2026.04.18-16.05.15:459][  0]LogShaderLibrary: Display: Created IoStoreShaderArchive header: shaders grouped in 360 groups (135 of them didn't need new indices), average uncompressed size 155800 bytes, min 249 bytes, max 1047981 bytes (r.ShaderCodeLibrary.MaxShaderGroupSize=1048576)
[2026.04.18-16.05.15:557][  0]LogIoStore: Display: Global-PCD3D_SM5(PCD3D_SM5): Recompressed 3915 shaders as 360 groups. Library size changed from 12619 KB (4.34 : 1 ratio) to 5556 KB (9.86 : 1 ratio), 44.03% of previous.
[2026.04.18-16.05.15:588][  0]LogShaderLibrary: Display: Created IoStoreShaderArchive header: shaders grouped in 542 groups (183 of them didn't need new indices), average uncompressed size 211303 bytes, min 1249 bytes, max 1045875 bytes (r.ShaderCodeLibrary.MaxShaderGroupSize=1048576)
[2026.04.18-16.05.16:227][  0]LogIoStore: Display: Global-PCD3D_SM6(PCD3D_SM6): Recompressed 7584 shaders as 542 groups. Library size changed from 85603 KB (1.31 : 1 ratio) to 48196 KB (2.32 : 1 ratio), 56.30% of previous.
[2026.04.18-16.05.16:232][  0]LogIoStore: Display: Shaders processed in 0.95 seconds
[2026.04.18-16.05.16:232][  0]LogIoStore: Display: Initialized WriteRequestManager with MaxConcurrentSourceReads=8 (16 cores), MaxSourceBufferMemory=3072MiB
[2026.04.18-16.05.16:233][  0]LogIoStore: Display: Processing redirects...
[2026.04.18-16.05.16:234][  0]LogIoStore: Display: Creating disk layout...
[2026.04.18-16.05.16:234][  0]LogIoStore: Display: Ordered 615 packages using fallback bundle order
[2026.04.18-16.05.16:251][  0]LogIoStore: Display: Serializing container(s)...
[2026.04.18-16.05.17:160][  0]LogIoStore: Display: Writing and compressing took 0.85 seconds, writes to disk took 0.28 seconds for 280,980,864 bytes @ 988,745,355 bytes per second.
[2026.04.18-16.05.17:160][  0]LogIoStore: Display: global: Found perfect hashmap for 1 items.
[2026.04.18-16.05.17:161][  0]LogIoStore: Display: BluePoch-Windows: Found perfect hashmap for 2069 items.
[2026.04.18-16.05.17:167][  0]LogIoStore: Display: Finalize took 0.0 seconds for 2 writers to write 240,847 bytes, 39,882,594 bytes per second
[2026.04.18-16.05.17:167][  0]LogIoStore: Display: Writing tocs... [Physical: 790 MiB, Virtual: 3464 MiB]
[2026.04.18-16.05.17:167][  0]LogIoStore: Display: 187 / 2,070 hashes were loaded from the hash database, by type:
[2026.04.18-16.05.17:167][  0]LogIoStore: Display:     BulkData                   187
[2026.04.18-16.05.17:167][  0]LogIoStore: Display: 802 / 2,070 chunks attempted to compress, by type:
[2026.04.18-16.05.17:167][  0]LogIoStore: Display:     ExportBundleData           615 / 615
[2026.04.18-16.05.17:167][  0]LogIoStore: Display:     BulkData                   187 / 187
[2026.04.18-16.05.17:167][  0]LogIoStore: Display:     ScriptObjects              0 / 1
[2026.04.18-16.05.17:167][  0]LogIoStore: Display:     ContainerHeader            0 / 1
[2026.04.18-16.05.17:167][  0]LogIoStore: Display:     ShaderCodeLibrary          0 / 4
[2026.04.18-16.05.17:167][  0]LogIoStore: Display:     ShaderCode                 0 / 1,262
[2026.04.18-16.05.17:167][  0]LogIoStore: Display: Source bytes read:
[2026.04.18-16.05.17:168][  0]LogIoStore: Display:     Zen:                                  0
[2026.04.18-16.05.17:168][  0]LogIoStore: Display:     Loose File:                 554,793,260
[2026.04.18-16.05.17:168][  0]LogIoStore: Display:         ExportBundleData        362,500,892 bytes over 1,230 reads
[2026.04.18-16.05.17:168][  0]LogIoStore: Display:         BulkData                192,292,368 bytes over 187 reads
[2026.04.18-16.05.17:168][  0]LogIoStore: Display:     Memory:                     141,888,976
[2026.04.18-16.05.17:168][  0]LogIoStore: Display:         ShaderCodeLibrary         1,185,880 bytes over 8 reads
[2026.04.18-16.05.17:168][  0]LogIoStore: Display:         ShaderCode              140,703,096 bytes over 2,524 reads
[2026.04.18-16.05.17:168][  0]LogIoStore: Display: Calculating stats...
[2026.04.18-16.05.17:168][  0]LogIoStore: Display: 
[2026.04.18-16.05.17:168][  0]LogIoStore: Display: Container Summary
[2026.04.18-16.05.17:168][  0]LogIoStore: Display: ==================
[2026.04.18-16.05.17:168][  0]LogIoStore: Display: 
[2026.04.18-16.05.17:168][  0]LogIoStore: Display: Container                                               Flags      Chunk(s) #       TOC (KiB)       Raw Size (MiB)           Size (MiB)
[2026.04.18-16.05.17:168][  0]LogIoStore: Display: ----------------------------------------------------------------------------------------------------------------------------------------------
[2026.04.18-16.05.17:168][  0]LogIoStore: Display: global                                              -/-/-/-/-               1            0.62                 2.30                 2.30 -
[2026.04.18-16.05.17:168][  0]LogIoStore: Display: BluePoch-Windows                                    C/-/-/I/-            2069          234.58               426.72               265.67 (37.74% Oodle)
[2026.04.18-16.05.17:168][  0]LogIoStore: Display: ----------------------------------------------------------------------------------------------------------------------------------------------
[2026.04.18-16.05.17:168][  0]LogIoStore: Display: Total                                                                    2070          235.20               429.02               267.96
[2026.04.18-16.05.17:168][  0]LogIoStore: Display: 
[2026.04.18-16.05.17:168][  0]LogIoStore: Display: ** Flags: (C)ompressed / (E)ncrypted / (S)igned) / (I)ndexed) / (O)nDemand **
[2026.04.18-16.05.17:168][  0]LogIoStore: Display: 
[2026.04.18-16.05.17:168][  0]LogIoStore: Display: Compression block padding:     1.51 MiB
[2026.04.18-16.05.17:168][  0]LogIoStore: Display: 
[2026.04.18-16.05.17:168][  0]LogIoStore: Display: Container Directory Index
[2026.04.18-16.05.17:168][  0]LogIoStore: Display: ==========================
[2026.04.18-16.05.17:168][  0]LogIoStore: Display: 
[2026.04.18-16.05.17:168][  0]LogIoStore: Display: Container                                          Size (KiB)
[2026.04.18-16.05.17:168][  0]LogIoStore: Display: ----------------------------------------------------------------------------------------------------------------------------------------------
[2026.04.18-16.05.17:168][  0]LogIoStore: Display: global                                                   0.00
[2026.04.18-16.05.17:168][  0]LogIoStore: Display: BluePoch-Windows                                        38.64
[2026.04.18-16.05.17:168][  0]LogIoStore: Display: 
[2026.04.18-16.05.17:168][  0]LogIoStore: Display: Container Patch Report
[2026.04.18-16.05.17:168][  0]LogIoStore: Display: ========================
[2026.04.18-16.05.17:168][  0]LogIoStore: Display: 
[2026.04.18-16.05.17:168][  0]LogIoStore: Display: Container                                             Total #       Modified #          Added #   Modified (MiB)      Added (MiB)
[2026.04.18-16.05.17:168][  0]LogIoStore: Display: ----------------------------------------------------------------------------------------------------------------------------------------------
[2026.04.18-16.05.17:168][  0]LogIoStore: Display: global                                                      1                0                0             0.00             0.00
[2026.04.18-16.05.17:168][  0]LogIoStore: Display: BluePoch-Windows                                         2069                0             2069             0.00           264.16
[2026.04.18-16.05.17:168][  0]LogIoStore: Display: 
[2026.04.18-16.05.17:168][  0]LogIoStore: Display: PackageStore
[2026.04.18-16.05.17:168][  0]LogIoStore: Display: =============
[2026.04.18-16.05.17:168][  0]LogIoStore: Display: 
[2026.04.18-16.05.17:168][  0]LogIoStore: Display: Container                                          Size (KiB)      Packages #     Localized #
[2026.04.18-16.05.17:168][  0]LogIoStore: Display: ----------------------------------------------------------------------------------------------------------------------------------------------
[2026.04.18-16.05.17:168][  0]LogIoStore: Display: BluePoch-Windows                                           20             615               0
[2026.04.18-16.05.17:168][  0]LogIoStore: Display: ----------------------------------------------------------------------------------------------------------------------------------------------
[2026.04.18-16.05.17:168][  0]LogIoStore: Display: Total                                                      20             615               0
[2026.04.18-16.05.17:168][  0]LogIoStore: Display: 
[2026.04.18-16.05.17:168][  0]LogIoStore: Display: 
[2026.04.18-16.05.17:168][  0]LogIoStore: Display: Input:       615 Packages
[2026.04.18-16.05.17:168][  0]LogIoStore: Display: Input:      0.17 GB UExp
[2026.04.18-16.05.17:168][  0]LogIoStore: Display: Input:      0.00 GB UAsset
[2026.04.18-16.05.17:168][  0]LogIoStore: Display: Input:      0.18 GB UBulk
[2026.04.18-16.05.17:168][  0]LogIoStore: Display: Input:     52.49 MB for 902 Global shaders
[2026.04.18-16.05.17:168][  0]LogIoStore: Display: Input:      1.43 MB for 149 Shared shaders
[2026.04.18-16.05.17:168][  0]LogIoStore: Display: Input:      0.00 MB for 0 Unique shaders
[2026.04.18-16.05.17:168][  0]LogIoStore: Display: Input:     13.17 MB for 211 Inline shaders
[2026.04.18-16.05.17:168][  0]LogIoStore: Display: 
[2026.04.18-16.05.17:168][  0]LogIoStore: Display: Output:     7725 Name map entries
[2026.04.18-16.05.17:168][  0]LogIoStore: Display: Output:      743 Imported package entries
[2026.04.18-16.05.17:168][  0]LogIoStore: Display: Output:      342 Packages without imports
[2026.04.18-16.05.17:168][  0]LogIoStore: Display: Output:        0 Public runtime script objects
[2026.04.18-16.05.17:168][  0]LogIoStore: Display: Output:     0.00 GB HeaderData
[2026.04.18-16.05.17:169][  0]LogIoStore: Display: Output:     2.30 MB InitialLoadData
[2026.04.18-16.05.17:169][  0]LogIoStore: Display: 
[2026.04.18-16.05.17:176][  0]LogPakFile: Display: UnrealPak executed in 2.021916 seconds
[2026.04.18-16.05.17:184][  0]LogCore: Engine exit requested (reason: UnrealPak Exiting)
[2026.04.18-16.05.17:184][  0]LogExit: Preparing to exit.
[2026.04.18-16.05.17:185][  0]LogExit: Object subsystem successfully closed.
[2026.04.18-16.05.17:185][  0]LogPakFile: Destroying PakPlatformFile
[2026.04.18-16.05.17:186][  0]LogExit: Exiting.
[2026.04.18-16.05.17:194][  0]Log file closed, 04/18/26 17:05:17
